<?xml version="1.0" encoding="UTF-8"?>
<testng-results skipped="0" failed="0" ignored="0" total="1" passed="1">
  <reporter-output>
  </reporter-output>
  <suite name="Default suite" duration-ms="36" started-at="2020-08-28T23:56:40 EDT" finished-at="2020-08-28T23:56:40 EDT">
    <groups>
    </groups>
    <test name="Default test" duration-ms="36" started-at="2020-08-28T23:56:40 EDT" finished-at="2020-08-28T23:56:40 EDT">
      <class name="com.syntax.class24.testNGTest">
        <test-method status="PASS" signature="hello()[pri:0, instance:com.syntax.class24.testNGTest@6321e813]" name="hello" duration-ms="7" started-at="2020-08-28T23:56:40 EDT" finished-at="2020-08-28T23:56:40 EDT">
          <reporter-output>
          </reporter-output>
        </test-method> <!-- hello -->
      </class> <!-- com.syntax.class24.testNGTest -->
    </test> <!-- Default test -->
  </suite> <!-- Default suite -->
</testng-results>
